<?xml version="1.0" encoding="UTF-8"?>
<testsuite xmlns:xsi="http://www.w3.org/2001/XMLSchema-instance" xsi:noNamespaceSchemaLocation="https://maven.apache.org/surefire/maven-surefire-plugin/xsd/surefire-test-report.xsd" name="redroosterdevelopment.vertxdemo.TestMainVerticle" time="10.262" tests="1" errors="1" skipped="0" failures="0">
  <properties>
[...]
</properties>
  <testcase name="start_http_server{Vertx, VertxTestContext}" classname="redroosterdevelopment.vertxdemo.TestMainVerticle" time="10.258">
    <error message="The test execution timed out" type="java.util.concurrent.TimeoutException">java.util.concurrent.TimeoutException: The test execution timed out
</error>
    <system-out><![CDATA[[timestamp: 2018-11-18T23:40:31.810Z][requestId:MjAxOC0xMS0xOFQyMzo0MDozMS44MTBaMjA0NDA1MjAyMw==] Starting GET@/posts as *
2
[{"content":"test","id":1},{"content":"again","id":2}]
[timestamp: 2018-11-18T23:40:33.781Z][requestId:MjAxOC0xMS0xOFQyMzo0MDozMy43ODFaMTQwMzg5MDc2Ng==] Starting GET@/posts as *
2
[{"content":"test","id":1},{"content":"again","id":2}]
]]></system-out>
    <system-err><![CDATA[log4j:WARN No appenders could be found for logger (io.netty.util.internal.logging.InternalLoggerFactory).
log4j:WARN Please initialize the log4j system properly.
log4j:WARN See http://logging.apache.org/log4j/1.2/faq.html#noconfig for more info.
Nov 18, 2018 5:40:27 PM io.vertx.ext.asyncsql.impl.MYSQLClientImpl
INFO: Creating configuration for 0.0.0.0:3306
]]></system-err>
  </testcase>
</testsuite>